<?xml version="1.0" encoding="UTF-8"?>
<testng-results ignored="0" total="3" passed="3" failed="0" skipped="0">
  <reporter-output>
  </reporter-output>
  <suite started-at="2023-06-27T17:45:53 IST" name="Default suite" finished-at="2023-06-27T17:46:05 IST" duration-ms="12219">
    <groups>
      <group name="cucumber">
        <method signature="AbstractTestNGCucumberTests.runScenario(io.cucumber.testng.PickleWrapper,io.cucumber.testng.FeatureWrapper)[pri:0, instance:com.demo.runner.testNg_Runner@5e5d171f]" name="runScenario" class="io.cucumber.testng.AbstractTestNGCucumberTests"/>
      </group> <!-- cucumber -->
    </groups>
    <test started-at="2023-06-27T17:45:53 IST" name="Default test" finished-at="2023-06-27T17:46:05 IST" duration-ms="12219">
      <class name="com.demo.runner.testNg_Runner">
        <test-method is-config="true" signature="setUpClass(org.testng.ITestContext)[pri:0, instance:com.demo.runner.testNg_Runner@5e5d171f]" started-at="2023-06-27T17:45:53 IST" name="setUpClass" finished-at="2023-06-27T17:45:53 IST" duration-ms="575" status="PASS">
          <params>
            <param index="0">
              <value>
                <![CDATA[org.testng.TestRunner@7c2312fa]]>
              </value>
            </param>
          </params>
          <reporter-output>
          </reporter-output>
        </test-method> <!-- setUpClass -->
        <test-method signature="runScenario(io.cucumber.testng.PickleWrapper,io.cucumber.testng.FeatureWrapper)[pri:0, instance:com.demo.runner.testNg_Runner@5e5d171f]" started-at="2023-06-27T17:45:53 IST" name="runScenario" description="Runs Cucumber Scenarios" data-provider="scenarios" finished-at="2023-06-27T17:46:05 IST" duration-ms="11345" status="PASS">
          <params>
            <param index="0">
              <value>
                <![CDATA["Sorting of products in products page"]]>
              </value>
            </param>
            <param index="1">
              <value>
                <![CDATA["Login page feature"]]>
              </value>
            </param>
          </params>
          <reporter-output>
          </reporter-output>
        </test-method> <!-- runScenario -->
        <test-method signature="runScenario(io.cucumber.testng.PickleWrapper,io.cucumber.testng.FeatureWrapper)[pri:0, instance:com.demo.runner.testNg_Runner@5e5d171f]" started-at="2023-06-27T17:45:53 IST" name="runScenario" description="Runs Cucumber Scenarios" data-provider="scenarios" finished-at="2023-06-27T17:46:04 IST" duration-ms="11079" status="PASS">
          <params>
            <param index="0">
              <value>
                <![CDATA["Login with correct credentials."]]>
              </value>
            </param>
            <param index="1">
              <value>
                <![CDATA["Login page feature"]]>
              </value>
            </param>
          </params>
          <reporter-output>
          </reporter-output>
        </test-method> <!-- runScenario -->
        <test-method signature="runScenario(io.cucumber.testng.PickleWrapper,io.cucumber.testng.FeatureWrapper)[pri:0, instance:com.demo.runner.testNg_Runner@5e5d171f]" started-at="2023-06-27T17:45:53 IST" name="runScenario" description="Runs Cucumber Scenarios" data-provider="scenarios" finished-at="2023-06-27T17:46:05 IST" duration-ms="11283" status="PASS">
          <params>
            <param index="0">
              <value>
                <![CDATA["Sorting of products in products page"]]>
              </value>
            </param>
            <param index="1">
              <value>
                <![CDATA["Login page feature"]]>
              </value>
            </param>
          </params>
          <reporter-output>
          </reporter-output>
        </test-method> <!-- runScenario -->
        <test-method is-config="true" signature="tearDownClass()[pri:0, instance:com.demo.runner.testNg_Runner@5e5d171f]" started-at="2023-06-27T17:46:05 IST" name="tearDownClass" finished-at="2023-06-27T17:46:05 IST" duration-ms="263" status="PASS">
          <reporter-output>
          </reporter-output>
        </test-method> <!-- tearDownClass -->
      </class> <!-- com.demo.runner.testNg_Runner -->
    </test> <!-- Default test -->
  </suite> <!-- Default suite -->
</testng-results>
